
ASEM-51 V1.3                                         Copyright (c) 2002 by W.W. Heinz                                         PAGE 1





       MCS-51 Family Macro Assembler   A S E M - 5 1   V 1.3
       =====================================================



	Source File:	..\..\rom_writer\MicroCode2.asm
	Object File:	Debug.HEX
	List File:	Debug.lst



 Line  I  Addr  Code            Source

    1:
    2:		N      0000	ORG  0000H
    3:	  0000	FE		    DB    11111110B
    4:
    5:		N      0001	ORG  0001H
    6:	  0001	68		    DB    01101000B
    7:
    8:		N      0002	ORG  0002H
    9:	  0002	E8		    DB    11101000B
   10:
   11:		N      0003	ORG  0003H
   12:	  0003	9E		    DB    10011110B
   13:
   14:		N      0004	ORG  0004H
   15:	  0004	68		    DB    01101000B
   16:
   17:		N      0005	ORG  0005H
   18:	  0005	E8		    DB    11101000B
   19:
   20:		N      0006	ORG  0006H
   21:	  0006	E2		    DB    11100010B
   22:
   23:		N      0008	ORG  0008H
   24:	  0008	68		    DB    01101000B
   25:
   26:		N      0009	ORG  0009H
   27:	  0009	E2		    DB    11100010B
   28:
   29:		N      000A	ORG  000aH
   30:	  000A	68		    DB    01101000B
   31:
   32:		N      000B	ORG  000bH
   33:	  000B	64		    DB    01100100B
   34:
   35:		N      000C	ORG  000cH
   36:	  000C	E6		    DB    11100110B
   37:
   38:		N      000D	ORG  000dH
   39:	  000D	7E		    DB    01111110B
   40:
   41:		N      000E	ORG  000eH
   42:	  000E	FE		    DB    11111110B
   43:

ASEM-51 V1.3                                         Copyright (c) 2002 by W.W. Heinz                                         PAGE 2



 Line  I  Addr  Code            Source

   44:		N      000F	ORG  000fH
   45:	  000F	FE		    DB    11111110B
   46:
   47:		N      0010	ORG  0010H
   48:	  0010	04		    DB    00000100B
   49:
   50:		N      0011	ORG  0011H
   51:	  0011	46		    DB    01000110B
   52:
   53:		N      0012	ORG  0012H
   54:	  0012	28		    DB    00101000B
   55:
   56:		N      0013	ORG  0013H
   57:	  0013	20		    DB    00100000B
   58:
   59:		N      0014	ORG  0014H
   60:	  0014	9E		    DB    10011110B
   61:
   62:		N      0015	ORG  0015H
   63:	  0015	04		    DB    00000100B
   64:
   65:		N      0016	ORG  0016H
   66:	  0016	08		    DB    00001000B
   67:
   68:		N      0017	ORG  0017H
   69:	  0017	46		    DB    01000110B
   70:
   71:		N      0018	ORG  0018H
   72:	  0018	20		    DB    00100000B
   73:
   74:		N      0019	ORG  0019H
   75:	  0019	E2		    DB    11100010B
   76:
   77:		N      001A	ORG  001aH
   78:	  001A	FE		    DB    11111110B
   79:
   80:		N      001E	ORG  001eH
   81:	  001E	FE		    DB    11111110B
   82:
   83:		N      001F	ORG  001fH
   84:	  001F	68		    DB    01101000B
   85:
   86:		N      0020	ORG  0020H
   87:	  0020	EA		    DB    11101010B
   88:
   89:		N      0021	ORG  0021H
   90:	  0021	FF		    DB    11111111B
   91:
   92:		N      0022	ORG  0022H
   93:	  0022	FE		    DB    11111110B
   94:
   95:		N      0030	ORG  0030H
   96:	  0030	84		    DB    10000100B
   97:
   98:		N      0031	ORG  0031H
   99:	  0031	86		    DB    10000110B

ASEM-51 V1.3                                         Copyright (c) 2002 by W.W. Heinz                                         PAGE 3



 Line  I  Addr  Code            Source

  100:
  101:		N      0032	ORG  0032H
  102:	  0032	22		    DB    00100010B
  103:
  104:		N      0034	ORG  0034H
  105:	  0034	84		    DB    10000100B
  106:
  107:		N      0035	ORG  0035H
  108:	  0035	86		    DB    10000110B
  109:
  110:		N      0036	ORG  0036H
  111:	  0036	22		    DB    00100010B
  112:
  113:		N      0038	ORG  0038H
  114:	  0038	84		    DB    10000100B
  115:
  116:		N      0039	ORG  0039H
  117:	  0039	86		    DB    10000110B
  118:
  119:		N      003A	ORG  003aH
  120:	  003A	22		    DB    00100010B
  121:
  122:		N      003C	ORG  003cH
  123:	  003C	84		    DB    10000100B
  124:
  125:		N      003D	ORG  003dH
  126:	  003D	86		    DB    10000110B
  127:
  128:		N      003E	ORG  003eH
  129:	  003E	22		    DB    00100010B
  130:				END





                     register banks used:  ---

                     no errors




ASEM-51 V1.3                                         Copyright (c) 2002 by W.W. Heinz                                         PAGE 4





	       L I S T   O F   S Y M B O L S
	       =============================


SYMBOL				  TYPE     VALUE	LINE
------------------------------------------------------------
??ASEM_51			  NUMBER    8051
??VERSION			  NUMBER    0130
AC				  BIT	      D6
ACC				  DATA	      E0
B				  DATA	      F0
CY				  BIT	      D7
DPH				  DATA	      83
DPL				  DATA	      82
EA				  BIT	      AF
ES				  BIT	      AC
ET0				  BIT	      A9
ET1				  BIT	      AB
EX0				  BIT	      A8
EX1				  BIT	      AA
EXTI0				  CODE	    0003
EXTI1				  CODE	    0013
F0				  BIT	      D5
IE				  DATA	      A8
IE0				  BIT	      89
IE1				  BIT	      8B
INT0				  BIT	      B2
INT1				  BIT	      B3
IP				  DATA	      B8
IT0				  BIT	      88
IT1				  BIT	      8A
OV				  BIT	      D2
P				  BIT	      D0
P0				  DATA	      80
P1				  DATA	      90
P2				  DATA	      A0
P3				  DATA	      B0
PCON				  DATA	      87
PS				  BIT	      BC
PSW				  DATA	      D0
PT0				  BIT	      B9
PT1				  BIT	      BB
PX0				  BIT	      B8
PX1				  BIT	      BA
RB8				  BIT	      9A
RD				  BIT	      B7
REN				  BIT	      9C
RESET				  CODE	    0000
RI				  BIT	      98
RS0				  BIT	      D3
RS1				  BIT	      D4
RXD				  BIT	      B0
SBUF				  DATA	      99
SCON				  DATA	      98
SINT				  CODE	    0023
SM0				  BIT	      9F

ASEM-51 V1.3                                         Copyright (c) 2002 by W.W. Heinz                                         PAGE 5



SYMBOL				  TYPE     VALUE	LINE
------------------------------------------------------------
SM1				  BIT	      9E
SM2				  BIT	      9D
SP				  DATA	      81
T0				  BIT	      B4
T1				  BIT	      B5
TB8				  BIT	      9B
TCON				  DATA	      88
TF0				  BIT	      8D
TF1				  BIT	      8F
TH0				  DATA	      8C
TH1				  DATA	      8D
TI				  BIT	      99
TIMER0				  CODE	    000B
TIMER1				  CODE	    001B
TL0				  DATA	      8A
TL1				  DATA	      8B
TMOD				  DATA	      89
TR0				  BIT	      8C
TR1				  BIT	      8E
TXD				  BIT	      B1
WR				  BIT	      B6
